<?xml version="1.0" encoding="utf-8"?><testsuites name="pytest tests"><testsuite name="pytest" errors="0" failures="0" skipped="0" tests="42" time="11.807" timestamp="2026-05-07T18:36:39.118741-04:00" hostname="DESKTOP-7CIJ200"><testcase classname="carrito.tests.CarritoViewTests" name="test_carrito_get" time="0.432" /><testcase classname="carrito.tests.CarritoViewTests" name="test_checkout_authenticated" time="0.512" /><testcase classname="carrito.tests.CarritoViewTests" name="test_checkout_unauthenticated" time="0.328" /><testcase classname="carrito.tests.CarritoViewTests" name="test_crear_cupon_get" time="0.495" /><testcase classname="carrito.tests.CarritoViewTests" name="test_create_order" time="0.331" /><testcase classname="carrito.tests.CarritoViewTests" name="test_eliminar_cupon" time="0.491" /><testcase classname="carrito.tests.CarritoViewTests" name="test_listar_cupones_normal" time="0.490" /><testcase classname="carrito.tests.CarritoViewTests" name="test_listar_cupones_superuser" time="0.514" /><testcase classname="carrito.tests.CarritoViewTests" name="test_my_orders_authenticated" time="0.497" /><testcase classname="carrito.tests.CarritoViewTests" name="test_order_detail_owner" time="0.490" /><testcase classname="carrito.tests.CarritoViewTests" name="test_payment_process" time="0.329" /><testcase classname="carrito.tests.CarritoViewTests" name="test_payment_success" time="0.355" /><testcase classname="carrito.tests.CarritoViewTests" name="test_simulate_payment" time="0.326" /><testcase classname="carrito.tests.CarritoViewTests" name="test_validate_coupon_invalid" time="0.331" /><testcase classname="contacto.tests.ContactoViewTests" name="test_contacto_get" time="0.008" /><testcase classname="crud.tests.CrudViewTests" name="test_crear_get" time="0.330" /><testcase classname="crud.tests.CrudViewTests" name="test_crear_post" time="0.333" /><testcase classname="crud.tests.CrudViewTests" name="test_crud_redirect" time="0.170" /><testcase classname="crud.tests.CrudViewTests" name="test_editar_post" time="0.331" /><testcase classname="crud.tests.CrudViewTests" name="test_eliminar" time="0.328" /><testcase classname="crud.tests.CrudViewTests" name="test_listar_no_superuser" time="0.494" /><testcase classname="crud.tests.CrudViewTests" name="test_listar_superuser" time="0.333" /><testcase classname="home.tests.HomeViewsTestCase" name="test_home_authenticated_standard_user" time="0.490" /><testcase classname="home.tests.HomeViewsTestCase" name="test_home_authenticated_superuser_redirects" time="0.486" /><testcase classname="home.tests.HomeViewsTestCase" name="test_home_unauthenticated_redirects_to_login" time="0.327" /><testcase classname="landing.tests.LandingViewsTestCase" name="test_index_view_search" time="0.012" /><testcase classname="landing.tests.LandingViewsTestCase" name="test_index_view_status_code" time="0.009" /><testcase classname="landing.tests.ComicstoreViewsTests" name="test_preview_404" time="0.002" /><testcase classname="login.tests.LoginViewTests" name="test_login_get_request" time="0.343" /><testcase classname="login.tests.LoginViewTests" name="test_login_post_invalid" time="0.328" /><testcase classname="login.tests.LoginViewTests" name="test_login_post_valid_normal_user" time="0.490" /><testcase classname="login.tests.LoginViewTests" name="test_login_post_valid_superuser" time="0.514" /><testcase classname="producto.tests.ProductoViewTests" name="test_producto_not_found" time="0.010" /><testcase classname="producto.tests.ProductoViewTests" name="test_producto_success" time="0.010" /><testcase classname="registro.tests.RegistroViewTests" name="test_comunas_por_region" time="0.009" /><testcase classname="registro.tests.RegistroViewTests" name="test_form_cliente_rut_existente" time="0.165" /><testcase classname="registro.tests.RegistroViewTests" name="test_form_cliente_save" time="0.191" /><testcase classname="registro.tests.RegistroViewTests" name="test_form_cliente_validations" time="0.003" /><testcase classname="registro.tests.RegistroViewTests" name="test_regiones_por_pais" time="0.008" /><testcase classname="registro.tests.RegistroViewTests" name="test_registro_get" time="0.015" /><testcase classname="registro.tests.RegistroViewTests" name="test_registro_post_invalid" time="0.013" /><testcase classname="registro.tests.RegistroViewTests" name="test_todos_los_paises" time="0.008" /></testsuite></testsuites>